app/build/intermediates/manifest_merge_blame_file/debug/manifest-merger-blame-debug-report.txt
1<?xml version="1.0" encoding="utf-8"?>
2<manifest xmlns:android="http://schemas.android.com/apk/res/android"
3    package="com.example.mysongdb"
4    android:versionCode="1"
5    android:versionName="1.0" >
6
7    <uses-sdk
8        android:minSdkVersion="21"
8-->src/main/AndroidManifest.xml
9        android:targetSdkVersion="32" />
9-->src/main/AndroidManifest.xml
10
11    <uses-permission android:name="android.permission.INTERNET" />
11-->src/main/AndroidManifest.xml:5:1-62
11-->src/main/AndroidManifest.xml:5:18-60
12
13    <application
13-->src/main/AndroidManifest.xml:6:5-31:19
14        android:name="com.example.mysongdb.MainApplication"
14-->src/main/AndroidManifest.xml:15:9-60
15        android:allowBackup="true"
15-->src/main/AndroidManifest.xml:7:9-35
16        android:appComponentFactory="androidx.core.app.CoreComponentFactory"
16-->[androidx.core:core:1.7.0] AndroidManifest.xml:24:18-86
17        android:dataExtractionRules="@xml/data_extraction_rules"
17-->src/main/AndroidManifest.xml:8:9-65
18        android:debuggable="true"
19        android:fullBackupContent="@xml/backup_rules"
19-->src/main/AndroidManifest.xml:9:9-54
20        android:icon="@mipmap/ic_launcher"
20-->src/main/AndroidManifest.xml:10:9-43
21        android:label="@string/app_name"
21-->src/main/AndroidManifest.xml:11:9-41
22        android:roundIcon="@mipmap/ic_launcher_round"
22-->src/main/AndroidManifest.xml:12:9-54
23        android:supportsRtl="true"
23-->src/main/AndroidManifest.xml:13:9-35
24        android:testOnly="true"
25        android:theme="@style/Theme.MySongDb" >
25-->src/main/AndroidManifest.xml:14:9-46
26        <activity
26-->src/main/AndroidManifest.xml:17:9-21:53
27            android:name="com.example.mysongdb.presentation.ComposeActivity"
27-->src/main/AndroidManifest.xml:18:13-57
28            android:exported="false"
28-->src/main/AndroidManifest.xml:19:13-37
29            android:label="@string/title_activity_compose"
29-->src/main/AndroidManifest.xml:20:13-59
30            android:theme="@style/Theme.MySongDb" />
30-->src/main/AndroidManifest.xml:21:13-50
31        <activity
31-->src/main/AndroidManifest.xml:22:9-30:20
32            android:name="com.example.mysongdb.MainActivity"
32-->src/main/AndroidManifest.xml:23:13-41
33            android:exported="true" >
33-->src/main/AndroidManifest.xml:24:13-36
34            <intent-filter>
34-->src/main/AndroidManifest.xml:25:13-29:29
35                <action android:name="android.intent.action.MAIN" />
35-->src/main/AndroidManifest.xml:26:17-69
35-->src/main/AndroidManifest.xml:26:25-66
36
37                <category android:name="android.intent.category.LAUNCHER" />
37-->src/main/AndroidManifest.xml:28:17-77
37-->src/main/AndroidManifest.xml:28:27-74
38            </intent-filter>
39        </activity>
40        <activity
40-->[androidx.compose.ui:ui-tooling:1.0.1] AndroidManifest.xml:25:9-27:39
41            android:name="androidx.compose.ui.tooling.PreviewActivity"
41-->[androidx.compose.ui:ui-tooling:1.0.1] AndroidManifest.xml:26:13-71
42            android:exported="true" />
42-->[androidx.compose.ui:ui-tooling:1.0.1] AndroidManifest.xml:27:13-36
43        <activity
43-->[androidx.compose.ui:ui-test-manifest:1.0.1] AndroidManifest.xml:25:9-27:39
44            android:name="androidx.activity.ComponentActivity"
44-->[androidx.compose.ui:ui-test-manifest:1.0.1] AndroidManifest.xml:26:13-63
45            android:exported="true" />
45-->[androidx.compose.ui:ui-test-manifest:1.0.1] AndroidManifest.xml:27:13-36
46
47        <service
47-->[androidx.room:room-runtime:2.4.0-alpha03] AndroidManifest.xml:25:9-28:40
48            android:name="androidx.room.MultiInstanceInvalidationService"
48-->[androidx.room:room-runtime:2.4.0-alpha03] AndroidManifest.xml:26:13-74
49            android:directBootAware="true"
49-->[androidx.room:room-runtime:2.4.0-alpha03] AndroidManifest.xml:27:13-43
50            android:exported="false" />
50-->[androidx.room:room-runtime:2.4.0-alpha03] AndroidManifest.xml:28:13-37
51
52        <provider
52-->[androidx.emoji2:emoji2:1.0.0] AndroidManifest.xml:26:9-34:20
53            android:name="androidx.startup.InitializationProvider"
53-->[androidx.emoji2:emoji2:1.0.0] AndroidManifest.xml:27:13-67
54            android:authorities="com.example.mysongdb.androidx-startup"
54-->[androidx.emoji2:emoji2:1.0.0] AndroidManifest.xml:28:13-68
55            android:exported="false" >
55-->[androidx.emoji2:emoji2:1.0.0] AndroidManifest.xml:29:13-37
56            <meta-data
56-->[androidx.emoji2:emoji2:1.0.0] AndroidManifest.xml:31:13-33:52
57                android:name="androidx.emoji2.text.EmojiCompatInitializer"
57-->[androidx.emoji2:emoji2:1.0.0] AndroidManifest.xml:32:17-75
58                android:value="androidx.startup" />
58-->[androidx.emoji2:emoji2:1.0.0] AndroidManifest.xml:33:17-49
59            <meta-data
59-->[androidx.lifecycle:lifecycle-process:2.4.0] AndroidManifest.xml:31:13-33:52
60                android:name="androidx.lifecycle.ProcessLifecycleInitializer"
60-->[androidx.lifecycle:lifecycle-process:2.4.0] AndroidManifest.xml:32:17-78
61                android:value="androidx.startup" />
61-->[androidx.lifecycle:lifecycle-process:2.4.0] AndroidManifest.xml:33:17-49
62            <meta-data
62-->[androidx.profileinstaller:profileinstaller:1.1.0] AndroidManifest.xml:31:13-33:52
63                android:name="androidx.profileinstaller.ProfileInstallerInitializer"
63-->[androidx.profileinstaller:profileinstaller:1.1.0] AndroidManifest.xml:32:17-85
64                android:value="androidx.startup" />
64-->[androidx.profileinstaller:profileinstaller:1.1.0] AndroidManifest.xml:33:17-49
65        </provider>
66
67        <receiver
67-->[androidx.profileinstaller:profileinstaller:1.1.0] AndroidManifest.xml:36:9-45:20
68            android:name="androidx.profileinstaller.ProfileInstallReceiver"
68-->[androidx.profileinstaller:profileinstaller:1.1.0] AndroidManifest.xml:37:13-76
69            android:directBootAware="false"
69-->[androidx.profileinstaller:profileinstaller:1.1.0] AndroidManifest.xml:38:13-44
70            android:enabled="true"
70-->[androidx.profileinstaller:profileinstaller:1.1.0] AndroidManifest.xml:39:13-35
71            android:exported="true"
71-->[androidx.profileinstaller:profileinstaller:1.1.0] AndroidManifest.xml:40:13-36
72            android:permission="android.permission.DUMP" >
72-->[androidx.profileinstaller:profileinstaller:1.1.0] AndroidManifest.xml:41:13-57
73            <intent-filter>
73-->[androidx.profileinstaller:profileinstaller:1.1.0] AndroidManifest.xml:42:13-44:29
74                <action android:name="androidx.profileinstaller.action.INSTALL_PROFILE" />
74-->[androidx.profileinstaller:profileinstaller:1.1.0] AndroidManifest.xml:43:17-91
74-->[androidx.profileinstaller:profileinstaller:1.1.0] AndroidManifest.xml:43:25-88
75            </intent-filter>
76        </receiver>
77
78        <meta-data
78-->[com.google.android.gms:play-services-basement:16.0.1] AndroidManifest.xml:23:9-25:69
79            android:name="com.google.android.gms.version"
79-->[com.google.android.gms:play-services-basement:16.0.1] AndroidManifest.xml:24:13-58
80            android:value="@integer/google_play_services_version" />
80-->[com.google.android.gms:play-services-basement:16.0.1] AndroidManifest.xml:25:13-66
81    </application>
82
83</manifest>